<?xml version="1.0" encoding="UTF-8"?>
<testng-results ignored="0" total="1" passed="1" failed="0" skipped="0">
  <reporter-output>
    <line>
      <![CDATA[details verified succesfully]]>
    </line>
    <line>
      <![CDATA[connection closed succesfully]]>
    </line>
  </reporter-output>
  <suite started-at="2022-04-12T16:57:45 IST" name="Default suite" finished-at="2022-04-12T16:58:18 IST" duration-ms="32660">
    <groups>
    </groups>
    <test started-at="2022-04-12T16:57:45 IST" name="Default test" finished-at="2022-04-12T16:58:18 IST" duration-ms="32660">
      <class name="com.crm.practise.LuckyTest">
        <test-method is-config="true" signature="openDatabase()[pri:0, instance:com.crm.practise.LuckyTest@5a56cdac]" started-at="2022-04-12T16:57:44 IST" name="openDatabase" finished-at="2022-04-12T16:57:45 IST" duration-ms="1052" status="PASS">
          <reporter-output>
          </reporter-output>
        </test-method> <!-- openDatabase -->
        <test-method is-config="true" signature="launchTheBrowser()[pri:0, instance:com.crm.practise.LuckyTest@5a56cdac]" started-at="2022-04-12T16:57:45 IST" name="launchTheBrowser" finished-at="2022-04-12T16:57:51 IST" duration-ms="5642" status="PASS">
          <reporter-output>
          </reporter-output>
        </test-method> <!-- launchTheBrowser -->
        <test-method is-config="true" signature="loginToApplication()[pri:0, instance:com.crm.practise.LuckyTest@5a56cdac]" started-at="2022-04-12T16:57:51 IST" name="loginToApplication" finished-at="2022-04-12T16:57:54 IST" duration-ms="3358" status="PASS">
          <reporter-output>
          </reporter-output>
        </test-method> <!-- loginToApplication -->
        <test-method signature="luckyTest()[pri:0, instance:com.crm.practise.LuckyTest@5a56cdac]" started-at="2022-04-12T16:57:54 IST" name="luckyTest" finished-at="2022-04-12T16:58:16 IST" duration-ms="21854" status="PASS">
          <reporter-output>
            <line>
              <![CDATA[details verified succesfully]]>
            </line>
          </reporter-output>
        </test-method> <!-- luckyTest -->
        <test-method is-config="true" signature="signOutTheApplication()[pri:0, instance:com.crm.practise.LuckyTest@5a56cdac]" started-at="2022-04-12T16:58:16 IST" name="signOutTheApplication" finished-at="2022-04-12T16:58:17 IST" duration-ms="1460" status="PASS">
          <reporter-output>
          </reporter-output>
        </test-method> <!-- signOutTheApplication -->
        <test-method is-config="true" signature="closeTheBrowser()[pri:0, instance:com.crm.practise.LuckyTest@5a56cdac]" started-at="2022-04-12T16:58:17 IST" name="closeTheBrowser" finished-at="2022-04-12T16:58:18 IST" duration-ms="296" status="PASS">
          <reporter-output>
          </reporter-output>
        </test-method> <!-- closeTheBrowser -->
        <test-method is-config="true" signature="closeTheDatabase()[pri:0, instance:com.crm.practise.LuckyTest@5a56cdac]" started-at="2022-04-12T16:58:18 IST" name="closeTheDatabase" finished-at="2022-04-12T16:58:18 IST" duration-ms="258" status="PASS">
          <reporter-output>
            <line>
              <![CDATA[connection closed succesfully]]>
            </line>
          </reporter-output>
        </test-method> <!-- closeTheDatabase -->
      </class> <!-- com.crm.practise.LuckyTest -->
    </test> <!-- Default test -->
  </suite> <!-- Default suite -->
</testng-results>
