<?xml version="1.0" encoding="UTF-8"?>
<!-- Generated by org.testng.reporters.JUnitXMLReporter -->
<testsuite ignored="0" hostname="DESKTOP-R6Q0H6T" failures="0" tests="1" name="Test2" time="0.092" errors="0" timestamp="2022-04-07T12:28:58 IST">
  <testcase classname="com.crm.genericutility.BaseClass" name="@BeforeSuite openDatabase" time="0.021">
    <failure type="java.lang.NullPointerException" message="Cannot invoke &amp;quot;org.apache.poi.ss.usermodel.Workbook.write(java.io.OutputStream)&amp;quot; because &amp;quot;com.crm.genericutility.Excel_Utitlity.wb&amp;quot; is null">
      <![CDATA[java.lang.NullPointerException: Cannot invoke "org.apache.poi.ss.usermodel.Workbook.write(java.io.OutputStream)" because "com.crm.genericutility.Excel_Utitlity.wb" is null
at com.crm.genericutility.Excel_Utitlity.closeTheExcel(Excel_Utitlity.java:75)
at com.crm.genericutility.BaseClass.openDatabase(BaseClass.java:32)
... Removed 19 stack frames]]>
    </failure>
  </testcase> <!-- @BeforeSuite openDatabase -->
  <testcase classname="com.crm.genericutility.BaseClass" name="@BeforeClass launchTheBrowser" time="-1.649314738783E9">
    <skipped/>
  </testcase> <!-- @BeforeClass launchTheBrowser -->
  <testcase classname="com.crm.genericutility.BaseClass" name="@BeforeMethod loginToApplication" time="-1.64931473881E9">
    <skipped/>
  </testcase> <!-- @BeforeMethod loginToApplication -->
  <testcase classname="com.crm.genericutility.BaseClass" name="@AfterMethod signOutTheApplication" time="-1.649314738828E9">
    <skipped/>
  </testcase> <!-- @AfterMethod signOutTheApplication -->
  <testcase classname="com.crm.genericutility.BaseClass" name="@AfterClass closeTheBrowser" time="-1.649314738835E9">
    <skipped/>
  </testcase> <!-- @AfterClass closeTheBrowser -->
  <testcase classname="com.crm.practise.LuckyTest" name="luckyTest" time="0.0">
    <skipped/>
  </testcase> <!-- luckyTest -->
</testsuite> <!-- Test2 -->
